cycle 0
$00: 0x00000000
$01: 0x00000000
$02: 0x00000000
$03: 0x00000000
$04: 0x00000000
$05: 0x00000000
$06: 0x00000000
$07: 0x00000000
$08: 0x00000000
$09: 0x00000000
$10: 0x00000000
$11: 0x00000000
$12: 0x00000000
$13: 0x00000000
$14: 0x00000000
$15: 0x00000000
$16: 0x00000000
$17: 0x00000000
$18: 0x00000000
$19: 0x00000000
$20: 0x00000000
$21: 0x00000000
$22: 0x00000000
$23: 0x00000000
$24: 0x00000000
$25: 0x00000000
$26: 0x00000000
$27: 0x00000000
$28: 0x00000000
$29: 0x00000000
$30: 0x00000000
$31: 0x00000000
$HI: 0x00000000
$LO: 0x00000000
PC: 0x00000000


cycle 1
PC: 0x00000004


cycle 2
PC: 0x00000008


cycle 3
PC: 0x0000000C


cycle 4
PC: 0x00000010


cycle 5
PC: 0x00000014


cycle 6
PC: 0x00000018


cycle 7
PC: 0x0000001C


cycle 8
PC: 0x00000020


cycle 9
PC: 0x00000024


cycle 10
PC: 0x00000028


cycle 11
PC: 0x0000002C


cycle 12
PC: 0x00000030


cycle 13
PC: 0x00000034


cycle 14
PC: 0x00000038


cycle 15
PC: 0x0000003C


cycle 16
PC: 0x00000040


cycle 17
PC: 0x00000044


cycle 18
PC: 0x00000048


cycle 19
PC: 0x0000004C


cycle 20
PC: 0x00000050


cycle 21
PC: 0x00000054


cycle 22
PC: 0x00000058


cycle 23
PC: 0x0000005C


cycle 24
PC: 0x00000060


cycle 25
PC: 0x00000064


cycle 26
PC: 0x00000068


cycle 27
PC: 0x0000006C


cycle 28
PC: 0x00000070


cycle 29
PC: 0x00000074


cycle 30
PC: 0x00000078


cycle 31
PC: 0x0000007C


cycle 32
PC: 0x00000080


cycle 33
PC: 0x00000084


cycle 34
PC: 0x00000088


cycle 35
PC: 0x0000008C


cycle 36
PC: 0x00000090


cycle 37
PC: 0x00000094


cycle 38
PC: 0x00000098


cycle 39
PC: 0x0000009C


cycle 40
PC: 0x000000A0


cycle 41
PC: 0x000000A4


cycle 42
PC: 0x000000A8


cycle 43
PC: 0x000000AC


cycle 44
PC: 0x000000B0


cycle 45
PC: 0x000000B4


cycle 46
PC: 0x000000B8


cycle 47
PC: 0x000000BC


cycle 48
PC: 0x000000C0


cycle 49
PC: 0x000000C4


cycle 50
PC: 0x000000C8


cycle 51
PC: 0x000000CC


cycle 52
PC: 0x000000D0


cycle 53
PC: 0x000000D4


cycle 54
PC: 0x000000D8


cycle 55
PC: 0x000000DC


cycle 56
PC: 0x000000E0


cycle 57
PC: 0x000000E4


cycle 58
PC: 0x000000E8


cycle 59
PC: 0x000000EC


cycle 60
PC: 0x000000F0


cycle 61
PC: 0x000000F4


cycle 62
PC: 0x000000F8


cycle 63
PC: 0x000000FC


cycle 64
PC: 0x00000100


cycle 65
PC: 0x00000104


cycle 66
PC: 0x00000108


cycle 67
PC: 0x0000010C


cycle 68
PC: 0x00000110


cycle 69
PC: 0x00000114


cycle 70
PC: 0x00000118


cycle 71
PC: 0x0000011C


cycle 72
PC: 0x00000120


cycle 73
PC: 0x00000124


cycle 74
PC: 0x00000128


cycle 75
PC: 0x0000012C


cycle 76
PC: 0x00000130


cycle 77
PC: 0x00000134


cycle 78
PC: 0x00000138


cycle 79
PC: 0x0000013C


cycle 80
PC: 0x00000140


cycle 81
PC: 0x00000144


cycle 82
PC: 0x00000148


cycle 83
PC: 0x0000014C


cycle 84
PC: 0x00000150


cycle 85
PC: 0x00000154


cycle 86
PC: 0x00000158


cycle 87
PC: 0x0000015C


cycle 88
PC: 0x00000160


cycle 89
PC: 0x00000164


cycle 90
PC: 0x00000168


cycle 91
PC: 0x0000016C


cycle 92
PC: 0x00000170


cycle 93
PC: 0x00000174


cycle 94
PC: 0x00000178


cycle 95
PC: 0x0000017C


cycle 96
PC: 0x00000180


cycle 97
PC: 0x00000184


cycle 98
PC: 0x00000188


cycle 99
PC: 0x0000018C


cycle 100
PC: 0x00000190


cycle 101
PC: 0x00000194


cycle 102
PC: 0x00000198


cycle 103
PC: 0x0000019C


cycle 104
PC: 0x000001A0


cycle 105
PC: 0x000001A4


cycle 106
PC: 0x000001A8


cycle 107
PC: 0x000001AC


cycle 108
PC: 0x000001B0


cycle 109
PC: 0x000001B4


cycle 110
PC: 0x000001B8


cycle 111
PC: 0x000001BC


cycle 112
PC: 0x000001C0


cycle 113
PC: 0x000001C4


cycle 114
PC: 0x000001C8


cycle 115
PC: 0x000001CC


cycle 116
PC: 0x000001D0


cycle 117
PC: 0x000001D4


cycle 118
PC: 0x000001D8


cycle 119
PC: 0x000001DC


cycle 120
PC: 0x000001E0


cycle 121
PC: 0x000001E4


cycle 122
PC: 0x000001E8


cycle 123
PC: 0x000001EC


cycle 124
PC: 0x000001F0


cycle 125
PC: 0x000001F4


cycle 126
PC: 0x000001F8


cycle 127
PC: 0x000001FC


cycle 128
PC: 0x00000200


cycle 129
PC: 0x00000204


cycle 130
PC: 0x00000208


cycle 131
PC: 0x0000020C


cycle 132
PC: 0x00000210


cycle 133
PC: 0x00000214


cycle 134
PC: 0x00000218


cycle 135
PC: 0x0000021C


cycle 136
PC: 0x00000220


cycle 137
PC: 0x00000224


cycle 138
PC: 0x00000228


cycle 139
PC: 0x0000022C


cycle 140
PC: 0x00000230


cycle 141
PC: 0x00000234


cycle 142
PC: 0x00000238


cycle 143
PC: 0x0000023C


cycle 144
PC: 0x00000240


cycle 145
PC: 0x00000244


cycle 146
PC: 0x00000248


cycle 147
PC: 0x0000024C


cycle 148
PC: 0x00000250


cycle 149
PC: 0x00000254


cycle 150
PC: 0x00000258


cycle 151
PC: 0x0000025C


cycle 152
PC: 0x00000260


cycle 153
PC: 0x00000264


cycle 154
PC: 0x00000268


cycle 155
PC: 0x0000026C


cycle 156
PC: 0x00000270


cycle 157
PC: 0x00000274


cycle 158
PC: 0x00000278


cycle 159
PC: 0x0000027C


cycle 160
PC: 0x00000280


cycle 161
PC: 0x00000284


cycle 162
PC: 0x00000288


cycle 163
PC: 0x0000028C


cycle 164
PC: 0x00000290


cycle 165
PC: 0x00000294


cycle 166
PC: 0x00000298


cycle 167
PC: 0x0000029C


cycle 168
PC: 0x000002A0


cycle 169
PC: 0x000002A4


cycle 170
PC: 0x000002A8


cycle 171
PC: 0x000002AC


cycle 172
PC: 0x000002B0


cycle 173
PC: 0x000002B4


cycle 174
PC: 0x000002B8


cycle 175
PC: 0x000002BC


cycle 176
PC: 0x000002C0


cycle 177
PC: 0x000002C4


cycle 178
PC: 0x000002C8


cycle 179
PC: 0x000002CC


cycle 180
PC: 0x000002D0


cycle 181
PC: 0x000002D4


cycle 182
PC: 0x000002D8


cycle 183
PC: 0x000002DC


cycle 184
PC: 0x000002E0


cycle 185
PC: 0x000002E4


cycle 186
PC: 0x000002E8


cycle 187
PC: 0x000002EC


cycle 188
PC: 0x000002F0


cycle 189
PC: 0x000002F4


cycle 190
PC: 0x000002F8


cycle 191
PC: 0x000002FC


cycle 192
PC: 0x00000300


cycle 193
PC: 0x00000304


cycle 194
PC: 0x00000308


cycle 195
PC: 0x0000030C


cycle 196
PC: 0x00000310


cycle 197
PC: 0x00000314


cycle 198
PC: 0x00000318


cycle 199
PC: 0x0000031C


cycle 200
PC: 0x00000320


cycle 201
PC: 0x00000324


cycle 202
PC: 0x00000328


cycle 203
PC: 0x0000032C


cycle 204
PC: 0x00000330


cycle 205
PC: 0x00000334


cycle 206
PC: 0x00000338


cycle 207
PC: 0x0000033C


cycle 208
PC: 0x00000340


cycle 209
PC: 0x00000344


cycle 210
PC: 0x00000348


cycle 211
PC: 0x0000034C


cycle 212
PC: 0x00000350


cycle 213
PC: 0x00000354


cycle 214
PC: 0x00000358


cycle 215
PC: 0x0000035C


cycle 216
PC: 0x00000360


cycle 217
PC: 0x00000364


cycle 218
PC: 0x00000368


cycle 219
PC: 0x0000036C


cycle 220
PC: 0x00000370


cycle 221
PC: 0x00000374


cycle 222
PC: 0x00000378


cycle 223
PC: 0x0000037C


cycle 224
PC: 0x00000380


cycle 225
PC: 0x00000384


cycle 226
PC: 0x00000388


cycle 227
PC: 0x0000038C


cycle 228
PC: 0x00000390


cycle 229
PC: 0x00000394


cycle 230
PC: 0x00000398


cycle 231
PC: 0x0000039C


cycle 232
PC: 0x000003A0


cycle 233
PC: 0x000003A4


cycle 234
PC: 0x000003A8


cycle 235
PC: 0x000003AC


cycle 236
PC: 0x000003B0


cycle 237
PC: 0x000003B4


cycle 238
PC: 0x000003B8


cycle 239
PC: 0x000003BC


cycle 240
PC: 0x000003C0


cycle 241
PC: 0x000003C4


cycle 242
PC: 0x000003C8


cycle 243
PC: 0x000003CC


cycle 244
PC: 0x000003D0


cycle 245
PC: 0x000003D4


cycle 246
PC: 0x000003D8


cycle 247
PC: 0x000003DC


cycle 248
PC: 0x000003E0


cycle 249
PC: 0x000003E4


cycle 250
PC: 0x000003E8


cycle 251
PC: 0x000003EC


cycle 252
PC: 0x000003F0


cycle 253
PC: 0x000003F4


cycle 254
PC: 0x000003F8


cycle 255
PC: 0x000003FC


